#
# A fatal error has been detected by the Java Runtime Environment:
#
#  EXCEPTION_STACK_OVERFLOW (0xc00000fd) at pc=0x6400b9a3, pid=10896, tid=0x000003d4
#
# JRE version: Java(TM) SE Runtime Environment (8.0_191-b12) (build 1.8.0_191-b12)
# Java VM: Java HotSpot(TM) Client VM (25.191-b12 mixed mode windows-x86 )
# Problematic frame:
# C  0x6400b9a3
#
# Failed to write core dump. Minidumps are not enabled by default on client versions of Windows
#
# If you would like to submit a bug report, please visit:
#   http://bugreport.java.com/bugreport/crash.jsp
# The crash happened outside the Java Virtual Machine in native code.
# See problematic frame for where to report the bug.
#

---------------  T H R E A D  ---------------

Current thread (0x28d89000):  JavaThread "EventThread COM6" [_thread_in_native, id=980, stack(0x27000000,0x27050000)]

siginfo: ExceptionCode=0xc00000fd, ExceptionInformation=0x00000001 0x27000890 

Registers:
EAX=0x00012020, EBX=0x2b56a770, ECX=0x27000890, EDX=0x00000000
ESP=0x2704f884, EBP=0x2704f8e8, ESI=0x28d89140, EDI=0x2b56a784
EIP=0x6400b9a3, EFLAGS=0x00010206

Top of Stack: (sp=0x2704f884)
0x2704f884:   00060020 00000000 64001739 00000014
0x2704f894:   320a3331 00000401 00000004 00000000
0x2704f8a4:   00000001 00060018 00000001 000150d8
0x2704f8b4:   0d480000 00000fd8 02c78a20 00000012
0x2704f8c4:   00000012 2704f898 00000012 00000000
0x2704f8d4:   771deeb0 026b0900 00000000 08150710
0x2704f8e4:   28d89000 2704f918 02ac75a5 28d89140
0x2704f8f4:   2704f904 00000fd8 00000000 00060018 

Instructions: (pc=0x6400b9a3)
0x6400b983:   fd ff ff eb 91 90 90 90 90 90 90 90 90 51 50 3d
0x6400b993:   00 10 00 00 8d 4c 24 0c 72 15 81 e9 00 10 00 00
0x6400b9a3:   83 09 00 2d 00 10 00 00 3d 00 10 00 00 77 eb 29
0x6400b9b3:   c1 83 09 00 58 59 c3 90 90 8b 44 24 04 c7 00 ff 


Register to memory mapping:

EAX=0x00012020 is an unknown value
EBX=0x2b56a770 is an unknown value
ECX=0x27000890 is pointing into the stack for thread: 0x28d89000
EDX=0x00000000 is an unknown value
ESP=0x2704f884 is pointing into the stack for thread: 0x28d89000
EBP=0x2704f8e8 is pointing into the stack for thread: 0x28d89000
ESI=0x28d89140 is an unknown value
EDI=0x2b56a784 is an unknown value


Stack: [0x27000000,0x27050000],  sp=0x2704f884,  free space=318k
Native frames: (J=compiled Java code, j=interpreted, Vv=VM code, C=native code)
C  0x6400b9a3
J 5097  jssc.SerialNativeInterface.readBytes(JI)[B (0 bytes) @ 0x02ac75a5 [0x02ac7510+0x95]
J 6789 C1 jssc.SerialPort$EventThread.run()V (84 bytes) @ 0x02aed5b0 [0x02aed340+0x270]
v  ~StubRoutines::call_stub
V  [jvm.dll+0x15c315]
V  [jvm.dll+0x223ece]
V  [jvm.dll+0x15c3ae]
V  [jvm.dll+0x15c536]
V  [jvm.dll+0x15c5a7]
V  [jvm.dll+0x1002ef]
V  [jvm.dll+0x17f550]
V  [jvm.dll+0x17fdca]
V  [jvm.dll+0x1c57a6]
C  [msvcr100.dll+0x5c556]
C  [msvcr100.dll+0x5c600]
C  [KERNEL32.DLL+0x17ba9]
C  [ntdll.dll+0x6bd3b]
C  [ntdll.dll+0x6bcbf]
C  0x00000000

Java frames: (J=compiled Java code, j=interpreted, Vv=VM code)
J 5097  jssc.SerialNativeInterface.readBytes(JI)[B (0 bytes) @ 0x02ac7561 [0x02ac7510+0x51]
J 6789 C1 jssc.SerialPort$EventThread.run()V (84 bytes) @ 0x02aed5b0 [0x02aed340+0x270]
v  ~StubRoutines::call_stub

---------------  P R O C E S S  ---------------

Java Threads: ( => current thread )
=>0x28d89000 JavaThread "EventThread COM6" [_thread_in_native, id=980, stack(0x27000000,0x27050000)]
  0x28d86000 JavaThread "DestroyJavaVM" [_thread_blocked, id=20664, stack(0x02840000,0x02890000)]
  0x28d85800 JavaThread "TimerQueue" daemon [_thread_blocked, id=21368, stack(0x2b4f0000,0x2b540000)]
  0x2522ac00 JavaThread "Batik CleanerThread" daemon [_thread_blocked, id=17936, stack(0x29a70000,0x29ac0000)]
  0x2522a800 JavaThread "AWT-EventQueue-0" [_thread_blocked, id=2200, stack(0x29990000,0x299e0000)]
  0x2522c000 JavaThread "AWT-Shutdown" [_thread_blocked, id=8836, stack(0x29430000,0x29480000)]
  0x25224400 JavaThread "JmDNS(LAPTOP-B774TOKQ.local.).State.Timer" [_thread_blocked, id=18720, stack(0x29770000,0x297c0000)]
  0x25223c00 JavaThread "JmDNS(LAPTOP-B774TOKQ.local.).Timer" daemon [_thread_blocked, id=13608, stack(0x296e0000,0x29730000)]
  0x25223400 JavaThread "SocketListener(LAPTOP-B774TOKQ.local.)" daemon [_thread_in_native, id=11684, stack(0x26bb0000,0x26c00000)]
  0x28a23800 JavaThread "Multihomed mDNS.Timer" daemon [_thread_blocked, id=11124, stack(0x293a0000,0x293f0000)]
  0x28a3e800 JavaThread "cc.arduino.packages.discoverers.serial.SerialDiscovery" [_thread_blocked, id=19820, stack(0x29550000,0x295a0000)]
  0x28a3e000 JavaThread "Thread-5" [_thread_in_native, id=5368, stack(0x294c0000,0x29510000)]
  0x26758000 JavaThread "AWT-Windows" daemon [_thread_in_native, id=17468, stack(0x26c40000,0x26c90000)]
  0x2672fc00 JavaThread "Java2D Disposer" daemon [_thread_blocked, id=11088, stack(0x26b20000,0x26b70000)]
  0x251ba000 JavaThread "Service Thread" daemon [_thread_blocked, id=14348, stack(0x263b0000,0x26400000)]
  0x251ad400 JavaThread "C1 CompilerThread0" daemon [_thread_blocked, id=16020, stack(0x26320000,0x26370000)]
  0x251ab400 JavaThread "Attach Listener" daemon [_thread_blocked, id=20448, stack(0x26290000,0x262e0000)]
  0x251a9400 JavaThread "Signal Dispatcher" daemon [_thread_blocked, id=16024, stack(0x26200000,0x26250000)]
  0x2518b400 JavaThread "Finalizer" daemon [_thread_blocked, id=22500, stack(0x25780000,0x257d0000)]
  0x25185400 JavaThread "Reference Handler" daemon [_thread_blocked, id=2768, stack(0x253b0000,0x25400000)]

Other Threads:
  0x25170400 VMThread [stack: 0x04a20000,0x04a70000] [id=10616]
  0x251cdc00 WatcherThread [stack: 0x26440000,0x26490000] [id=3608]

VM state:not at safepoint (normal execution)

VM Mutex/Monitor currently owned by a thread: None

Heap:
 def new generation   total 157248K, used 155056K [0x04c00000, 0x0f6a0000, 0x0f6a0000)
  eden space 139776K, 100% used [0x04c00000, 0x0d480000, 0x0d480000)
  from space 17472K,  87% used [0x0d480000, 0x0e36c130, 0x0e590000)
  to   space 17472K,   0% used [0x0e590000, 0x0e590000, 0x0f6a0000)
 tenured generation   total 349568K, used 349567K [0x0f6a0000, 0x24c00000, 0x24c00000)
   the space 349568K,  99% used [0x0f6a0000, 0x24bffff0, 0x24c00000, 0x24c00000)
 Metaspace       used 22679K, capacity 23234K, committed 23424K, reserved 23936K

Card table byte_map: [0x24c00000,0x24d10000] byte_map_base: 0x24bda000

Polling page: 0x00d60000

CodeCache: size=32768Kb used=3185Kb max_used=5639Kb free=29582Kb
 bounds [0x029e0000, 0x02f68000, 0x049e0000]
 total_blobs=1930 nmethods=1643 adapters=215
 compilation: enabled

Compilation events (10 events):
Event: 8753.023 Thread 0x251ad400 7896  s          javax.swing.text.DefaultCaret::repaint (31 bytes)
Event: 8753.024 Thread 0x251ad400 nmethod 7896 0x02efc6c8 code [0x02efc7f0, 0x02efca44]
Event: 8753.214 Thread 0x251ad400 7897             javax.swing.event.EventListenerList::getListenerList (5 bytes)
Event: 8753.215 Thread 0x251ad400 nmethod 7897 0x02efc508 code [0x02efc600, 0x02efc680]
Event: 8753.317 Thread 0x251ad400 7898             javax.swing.SwingUtilities::getPaintingOrigin (33 bytes)
Event: 8753.317 Thread 0x251ad400 nmethod 7898 0x02dcd648 code [0x02dcd760, 0x02dcd898]
Event: 8753.370 Thread 0x251ad400 7899             java.util.HashMap::keySet (25 bytes)
Event: 8753.371 Thread 0x251ad400 nmethod 7899 0x02ecf0c8 code [0x02ecf1c0, 0x02ecf2a0]
Event: 8755.112 Thread 0x251ad400 7900   !         javax.swing.RepaintManager$PaintManager::paintDoubleBuffered (294 bytes)
Event: 8755.113 Thread 0x251ad400 nmethod 7900 0x02ece708 code [0x02ece8a0, 0x02ecebe4]

GC Heap History (10 events):
Event: 8749.978 GC heap before
{Heap before GC invocations=43 (full 24):
 def new generation   total 157248K, used 157247K [0x04c00000, 0x0f6a0000, 0x0f6a0000)
  eden space 139776K, 100% used [0x04c00000, 0x0d480000, 0x0d480000)
  from space 17472K,  99% used [0x0d480000, 0x0e58fff0, 0x0e590000)
  to   space 17472K,   0% used [0x0e590000, 0x0e590000, 0x0f6a0000)
 tenured generation   total 349568K, used 349567K [0x0f6a0000, 0x24c00000, 0x24c00000)
   the space 349568K,  99% used [0x0f6a0000, 0x24bffff0, 0x24c00000, 0x24c00000)
 Metaspace       used 22678K, capacity 23234K, committed 23424K, reserved 23936K
Event: 8751.413 GC heap after
Heap after GC invocations=44 (full 25):
 def new generation   total 157248K, used 131983K [0x04c00000, 0x0f6a0000, 0x0f6a0000)
  eden space 139776K,  94% used [0x04c00000, 0x0cce3ca0, 0x0d480000)
  from space 17472K,   0% used [0x0d480000, 0x0d480000, 0x0e590000)
  to   space 17472K,   0% used [0x0e590000, 0x0e590000, 0x0f6a0000)
 tenured generation   total 349568K, used 349567K [0x0f6a0000, 0x24c00000, 0x24c00000)
   the space 349568K,  99% used [0x0f6a0000, 0x24bffff0, 0x24c00000, 0x24c00000)
 Metaspace       used 22678K, capacity 23234K, committed 23424K, reserved 23936K
}
Event: 8753.684 GC heap before
{Heap before GC invocations=44 (full 25):
 def new generation   total 157248K, used 153853K [0x04c00000, 0x0f6a0000, 0x0f6a0000)
  eden space 139776K, 100% used [0x04c00000, 0x0d480000, 0x0d480000)
  from space 17472K,  80% used [0x0d480000, 0x0e23f7c0, 0x0e590000)
  to   space 17472K,   0% used [0x0e590000, 0x0e590000, 0x0f6a0000)
 tenured generation   total 349568K, used 349567K [0x0f6a0000, 0x24c00000, 0x24c00000)
   the space 349568K,  99% used [0x0f6a0000, 0x24bffff0, 0x24c00000, 0x24c00000)
 Metaspace       used 22678K, capacity 23234K, committed 23424K, reserved 23936K
Event: 8755.065 GC heap after
Heap after GC invocations=45 (full 26):
 def new generation   total 157248K, used 142718K [0x04c00000, 0x0f6a0000, 0x0f6a0000)
  eden space 139776K, 100% used [0x04c00000, 0x0d480000, 0x0d480000)
  from space 17472K,  16% used [0x0d480000, 0x0d75f8b8, 0x0e590000)
  to   space 17472K,   0% used [0x0e590000, 0x0e590000, 0x0f6a0000)
 tenured generation   total 349568K, used 349567K [0x0f6a0000, 0x24c00000, 0x24c00000)
   the space 349568K,  99% used [0x0f6a0000, 0x24bffff0, 0x24c00000, 0x24c00000)
 Metaspace       used 22678K, capacity 23234K, committed 23424K, reserved 23936K
}
Event: 8755.201 GC heap before
{Heap before GC invocations=45 (full 26):
 def new generation   total 157248K, used 157247K [0x04c00000, 0x0f6a0000, 0x0f6a0000)
  eden space 139776K, 100% used [0x04c00000, 0x0d480000, 0x0d480000)
  from space 17472K,  99% used [0x0d480000, 0x0e58fff0, 0x0e590000)
  to   space 17472K,   0% used [0x0e590000, 0x0e590000, 0x0f6a0000)
 tenured generation   total 349568K, used 349567K [0x0f6a0000, 0x24c00000, 0x24c00000)
   the space 349568K,  99% used [0x0f6a0000, 0x24bffff0, 0x24c00000, 0x24c00000)
 Metaspace       used 22678K, capacity 23234K, committed 23424K, reserved 23936K
Event: 8756.462 GC heap after
Heap after GC invocations=46 (full 27):
 def new generation   total 157248K, used 147408K [0x04c00000, 0x0f6a0000, 0x0f6a0000)
  eden space 139776K,  96% used [0x04c00000, 0x0cf514a8, 0x0d480000)
  from space 17472K,  74% used [0x0d480000, 0x0e122ce0, 0x0e590000)
  to   space 17472K,   0% used [0x0e590000, 0x0e590000, 0x0f6a0000)
 tenured generation   total 349568K, used 349567K [0x0f6a0000, 0x24c00000, 0x24c00000)
   the space 349568K,  99% used [0x0f6a0000, 0x24bffff0, 0x24c00000, 0x24c00000)
 Metaspace       used 22678K, capacity 23234K, committed 23424K, reserved 23936K
}
Event: 8756.975 GC heap before
{Heap before GC invocations=46 (full 27):
 def new generation   total 157248K, used 156707K [0x04c00000, 0x0f6a0000, 0x0f6a0000)
  eden space 139776K, 100% used [0x04c00000, 0x0d480000, 0x0d480000)
  from space 17472K,  96% used [0x0d480000, 0x0e508fb0, 0x0e590000)
  to   space 17472K,   0% used [0x0e590000, 0x0e590000, 0x0f6a0000)
 tenured generation   total 349568K, used 349567K [0x0f6a0000, 0x24c00000, 0x24c00000)
   the space 349568K,  99% used [0x0f6a0000, 0x24bffff0, 0x24c00000, 0x24c00000)
 Metaspace       used 22678K, capacity 23234K, committed 23424K, reserved 23936K
Event: 8758.547 GC heap after
Heap after GC invocations=47 (full 28):
 def new generation   total 157248K, used 152170K [0x04c00000, 0x0f6a0000, 0x0f6a0000)
  eden space 139776K,  98% used [0x04c00000, 0x0d21c960, 0x0d480000)
  from space 17472K,  84% used [0x0d480000, 0x0e2fe130, 0x0e590000)
  to   space 17472K,   0% used [0x0e590000, 0x0e590000, 0x0f6a0000)
 tenured generation   total 349568K, used 349568K [0x0f6a0000, 0x24c00000, 0x24c00000)
   the space 349568K, 100% used [0x0f6a0000, 0x24c00000, 0x24c00000, 0x24c00000)
 Metaspace       used 22678K, capacity 23234K, committed 23424K, reserved 23936K
}
Event: 8758.547 GC heap before
{Heap before GC invocations=47 (full 28):
 def new generation   total 157248K, used 152170K [0x04c00000, 0x0f6a0000, 0x0f6a0000)
  eden space 139776K,  98% used [0x04c00000, 0x0d21c960, 0x0d480000)
  from space 17472K,  84% used [0x0d480000, 0x0e2fe130, 0x0e590000)
  to   space 17472K,   0% used [0x0e590000, 0x0e590000, 0x0f6a0000)
 tenured generation   total 349568K, used 349568K [0x0f6a0000, 0x24c00000, 0x24c00000)
   the space 349568K, 100% used [0x0f6a0000, 0x24c00000, 0x24c00000, 0x24c00000)
 Metaspace       used 22678K, capacity 23234K, committed 23424K, reserved 23936K
Event: 8760.076 GC heap after
Heap after GC invocations=48 (full 29):
 def new generation   total 157248K, used 151710K [0x04c00000, 0x0f6a0000, 0x0f6a0000)
  eden space 139776K,  97% used [0x04c00000, 0x0d1a99b0, 0x0d480000)
  from space 17472K,  84% used [0x0d480000, 0x0e2fe130, 0x0e590000)
  to   space 17472K,   0% used [0x0e590000, 0x0e590000, 0x0f6a0000)
 tenured generation   total 349568K, used 349567K [0x0f6a0000, 0x24c00000, 0x24c00000)
   the space 349568K,  99% used [0x0f6a0000, 0x24bffff0, 0x24c00000, 0x24c00000)
 Metaspace       used 22678K, capacity 23234K, committed 23424K, reserved 23936K
}

Deoptimization events (0 events):
No events

Classes redefined (0 events):
No events

Internal exceptions (10 events):
Event: 8681.803 Thread 0x28d84c00 Exception <a 'sun/nio/fs/WindowsException'> (0x0984ad40) thrown at [C:\workspace\8-2-build-windows-i586-cygwin\jdk8u191\11896\hotspot\src\share\vm\prims\jni.cpp, line 709]
Event: 8681.805 Thread 0x28d84c00 Exception <a 'sun/nio/fs/WindowsException'> (0x098553f0) thrown at [C:\workspace\8-2-build-windows-i586-cygwin\jdk8u191\11896\hotspot\src\share\vm\prims\jni.cpp, line 709]
Event: 8681.805 Thread 0x28d84c00 Exception <a 'sun/nio/fs/WindowsException'> (0x09855b00) thrown at [C:\workspace\8-2-build-windows-i586-cygwin\jdk8u191\11896\hotspot\src\share\vm\prims\jni.cpp, line 709]
Event: 8681.806 Thread 0x28d84c00 Exception <a 'sun/nio/fs/WindowsException'> (0x0985c2b8) thrown at [C:\workspace\8-2-build-windows-i586-cygwin\jdk8u191\11896\hotspot\src\share\vm\prims\jni.cpp, line 709]
Event: 8681.807 Thread 0x28d84c00 Exception <a 'sun/nio/fs/WindowsException'> (0x0985c9c8) thrown at [C:\workspace\8-2-build-windows-i586-cygwin\jdk8u191\11896\hotspot\src\share\vm\prims\jni.cpp, line 709]
Event: 8681.809 Thread 0x28d84c00 Exception <a 'sun/nio/fs/WindowsException'> (0x0986bb80) thrown at [C:\workspace\8-2-build-windows-i586-cygwin\jdk8u191\11896\hotspot\src\share\vm\prims\jni.cpp, line 709]
Event: 8681.809 Thread 0x28d84c00 Exception <a 'sun/nio/fs/WindowsException'> (0x0986c178) thrown at [C:\workspace\8-2-build-windows-i586-cygwin\jdk8u191\11896\hotspot\src\share\vm\prims\jni.cpp, line 709]
Event: 8760.077 Thread 0x2522a800 Exception <a 'java/lang/OutOfMemoryError'> (0x0f730dc0) thrown at [C:\workspace\8-2-build-windows-i586-cygwin\jdk8u191\11896\hotspot\src\share\vm\gc_interface/collectedHeap.inline.hpp, line 159]
Event: 8760.077 Thread 0x2522a800 Exception <a 'java/lang/OutOfMemoryError'> (0x0f730dc0) thrown at [C:\workspace\8-2-build-windows-i586-cygwin\jdk8u191\11896\hotspot\src\share\vm\prims\jvm.cpp, line 1439]
Event: 8760.077 Thread 0x2522a800 Exception <a 'java/io/IOException'> (0x0d1a9d40) thrown at [C:\workspace\8-2-build-windows-i586-cygwin\jdk8u191\11896\hotspot\src\share\vm\prims\jni.cpp, line 709]

Events (10 events):
Event: 8755.065 Executing VM operation: GenCollectForAllocation done
Event: 8755.114 Thread 0x251ad400 flushing nmethod 0x02b8af88
Event: 8755.201 Executing VM operation: GenCollectForAllocation
Event: 8756.462 Executing VM operation: GenCollectForAllocation done
Event: 8756.975 Executing VM operation: GenCollectForAllocation
Event: 8760.076 Executing VM operation: GenCollectForAllocation done
Event: 8760.077 loading class java/lang/Throwable$WrappedPrintStream
Event: 8760.077 loading class java/lang/Throwable$PrintStreamOrWriter
Event: 8760.077 loading class java/lang/Throwable$PrintStreamOrWriter done
Event: 8760.077 loading class java/lang/Throwable$WrappedPrintStream done


Dynamic libraries:
0x00720000 - 0x00753000 	C:\Program Files (x86)\Arduino\java\bin\javaw.exe
0x77160000 - 0x77311000 	C:\Windows\SYSTEM32\ntdll.dll
0x75a60000 - 0x75b50000 	C:\Windows\System32\KERNEL32.DLL
0x75fe0000 - 0x76254000 	C:\Windows\System32\KERNELBASE.dll
0x74e20000 - 0x74e9d000 	C:\Windows\System32\ADVAPI32.dll
0x769d0000 - 0x76a94000 	C:\Windows\System32\msvcrt.dll
0x75250000 - 0x752d4000 	C:\Windows\System32\sechost.dll
0x759a0000 - 0x75a5a000 	C:\Windows\System32\RPCRT4.dll
0x76cc0000 - 0x76e68000 	C:\Windows\System32\USER32.dll
0x758c0000 - 0x758da000 	C:\Windows\System32\win32u.dll
0x74df0000 - 0x74e13000 	C:\Windows\System32\GDI32.dll
0x75ef0000 - 0x75fd2000 	C:\Windows\System32\gdi32full.dll
0x75340000 - 0x753b9000 	C:\Windows\System32\msvcp_win.dll
0x74ea0000 - 0x74fb2000 	C:\Windows\System32\ucrtbase.dll
0x6b060000 - 0x6b288000 	C:\Windows\WinSxS\x86_microsoft.windows.common-controls_6595b64144ccf1df_6.0.22621.2361_none_6ec005ac87ff2149\COMCTL32.dll
0x76c90000 - 0x76cb5000 	C:\Windows\System32\IMM32.DLL
0x6fa80000 - 0x6fb3f000 	C:\Program Files (x86)\Arduino\java\bin\msvcr100.dll
0x6d070000 - 0x6d443000 	C:\Program Files (x86)\Arduino\java\bin\client\jvm.dll
0x75b60000 - 0x75b66000 	C:\Windows\System32\PSAPI.DLL
0x6fcf0000 - 0x6fcf8000 	C:\Windows\SYSTEM32\WSOCK32.dll
0x74cd0000 - 0x74cd8000 	C:\Windows\SYSTEM32\VERSION.dll
0x6f100000 - 0x6f131000 	C:\Windows\SYSTEM32\WINMM.dll
0x75130000 - 0x7518f000 	C:\Windows\System32\WS2_32.dll
0x6fcc0000 - 0x6fcf0000 	C:\Program Files (x86)\Arduino\java\bin\splashscreen.dll
0x6f970000 - 0x6f9ef000 	C:\Windows\system32\uxtheme.dll
0x75b70000 - 0x75dec000 	C:\Windows\System32\combase.dll
0x6fcb0000 - 0x6fcbc000 	C:\Program Files (x86)\Arduino\java\bin\verify.dll
0x6fa50000 - 0x6fa72000 	C:\Program Files (x86)\Arduino\java\bin\java.dll
0x77050000 - 0x77149000 	C:\Windows\System32\MSCTF.dll
0x6fa30000 - 0x6fa44000 	C:\Program Files (x86)\Arduino\java\bin\zip.dll
0x74ce0000 - 0x74cf3000 	C:\Windows\SYSTEM32\kernel.appcore.dll
0x76260000 - 0x762c2000 	C:\Windows\System32\bcryptPrimitives.dll
0x6bce0000 - 0x6bdda000 	C:\Windows\SYSTEM32\textinputframework.dll
0x751b0000 - 0x7524c000 	C:\Windows\System32\OLEAUT32.dll
0x76330000 - 0x769c5000 	C:\Windows\System32\SHELL32.dll
0x727f0000 - 0x72ed9000 	C:\Windows\SYSTEM32\windows.storage.dll
0x71d00000 - 0x71dc7000 	C:\Windows\SYSTEM32\wintypes.dll
0x76f80000 - 0x77041000 	C:\Windows\System32\SHCORE.dll
0x6b530000 - 0x6b5fd000 	C:\Windows\SYSTEM32\CoreMessaging.dll
0x75430000 - 0x7547b000 	C:\Windows\System32\shlwapi.dll
0x71ca0000 - 0x71cbd000 	C:\Windows\SYSTEM32\profapi.dll
0x6b290000 - 0x6b521000 	C:\Windows\SYSTEM32\CoreUIComponents.dll
0x72f00000 - 0x72f0b000 	C:\Windows\SYSTEM32\CRYPTBASE.DLL
0x61940000 - 0x619b3000 	C:\Program Files (x86)\Arduino\lib\listSerialsj.dll
0x75480000 - 0x758bd000 	C:\Windows\System32\SETUPAPI.dll
0x71b10000 - 0x71b4d000 	C:\Windows\SYSTEM32\cfgmgr32.DLL
0x6fa10000 - 0x6fa2d000 	C:\Program Files (x86)\Arduino\lib\jnidispatch-4.2.2-win32-x86.dll
0x76ab0000 - 0x76c00000 	C:\Windows\System32\Ole32.dll
0x6f9f0000 - 0x6fa05000 	C:\Program Files (x86)\Arduino\java\bin\net.dll
0x6ff40000 - 0x6ff91000 	C:\Windows\system32\mswsock.dll
0x6f390000 - 0x6f39f000 	C:\Program Files (x86)\Arduino\java\bin\nio.dll
0x6cf20000 - 0x6d067000 	C:\Program Files (x86)\Arduino\java\bin\awt.dll
0x6dda0000 - 0x6de46000 	C:\Windows\SYSTEM32\apphelp.dll
0x6dd40000 - 0x6dd64000 	C:\Windows\system32\DWMAPI.DLL
0x6f350000 - 0x6f389000 	C:\Program Files (x86)\Arduino\java\bin\fontmanager.dll
0x6ce40000 - 0x6cf20000 	C:\Windows\system32\opengl32.dll
0x6f1e0000 - 0x6f222000 	C:\Windows\SYSTEM32\GLU32.dll
0x6dd70000 - 0x6dd9d000 	C:\Windows\SYSTEM32\dxcore.dll
0x6dcb0000 - 0x6dce2000 	C:\Program Files (x86)\Arduino\java\bin\t2k.dll
0x6fe60000 - 0x6fe84000 	C:\Windows\SYSTEM32\DEVOBJ.dll
0x75df0000 - 0x75e49000 	C:\Windows\System32\WINTRUST.dll
0x76e70000 - 0x76f73000 	C:\Windows\System32\CRYPT32.dll
0x6fe50000 - 0x6fe5e000 	C:\Windows\SYSTEM32\MSASN1.dll
0x703e0000 - 0x70404000 	C:\Windows\SYSTEM32\IPHLPAPI.DLL
0x75b50000 - 0x75b57000 	C:\Windows\System32\NSI.dll
0x702a0000 - 0x702b6000 	C:\Windows\SYSTEM32\dhcpcsvc6.DLL
0x70280000 - 0x70297000 	C:\Windows\SYSTEM32\dhcpcsvc.DLL
0x70320000 - 0x703dc000 	C:\Windows\SYSTEM32\DNSAPI.dll
0x6f1c0000 - 0x6f1d2000 	C:\Windows\system32\napinsp.dll
0x6dc50000 - 0x6dc66000 	C:\Windows\system32\pnrpnsp.dll
0x6dca0000 - 0x6dcae000 	C:\Windows\System32\winrnr.dll
0x6ca80000 - 0x6ca91000 	C:\Windows\system32\wshbth.dll
0x6ca60000 - 0x6ca78000 	C:\Windows\system32\nlansp_c.dll
0x6c5b0000 - 0x6c60e000 	C:\Windows\System32\fwpuclnt.dll
0x6c610000 - 0x6c618000 	C:\Windows\System32\rasadhlp.dll
0x6c9c0000 - 0x6ca29000 	C:\Program Files (x86)\Arduino\msvcp100.dll
0x6c900000 - 0x6c9be000 	C:\Program Files (x86)\Arduino\msvcr100.dll
0x299e0000 - 0x29a12000 	C:\Program Files (x86)\Arduino\lib\AStylej.dll
0x6c8d0000 - 0x6c8f4000 	C:\Program Files (x86)\Arduino\java\bin\dcpr.dll
0x76c00000 - 0x76c82000 	C:\Windows\System32\clbcatq.dll
0x6af00000 - 0x6b060000 	C:\Windows\SYSTEM32\WindowsCodecs.dll
0x6ac30000 - 0x6ac7c000 	C:\Windows\system32\dataexchange.dll
0x6aa40000 - 0x6ac2b000 	C:\Windows\system32\twinapi.appcore.dll
0x6c4a0000 - 0x6c4c0000 	C:\Program Files (x86)\Arduino\java\bin\sunec.dll
0x72f40000 - 0x72f55000 	C:\Windows\SYSTEM32\CRYPTSP.dll
0x72f10000 - 0x72f40000 	C:\Windows\system32\rsaenh.dll
0x700c0000 - 0x700e4000 	C:\Windows\SYSTEM32\USERENV.dll
0x72ee0000 - 0x72efa000 	C:\Windows\SYSTEM32\bcrypt.dll
0x6c8c0000 - 0x6c8c9000 	C:\Program Files (x86)\Arduino\java\bin\sunmscapi.dll
0x70830000 - 0x7084f000 	C:\Windows\SYSTEM32\edputil.dll
0x758e0000 - 0x75992000 	C:\Windows\System32\COMDLG32.dll
0x71bd0000 - 0x71c97000 	C:\Windows\system32\propsys.dll
0x6c630000 - 0x6c6ab000 	C:\Program Files (x86)\Common Files\microsoft shared\ink\tiptsf.dll
0x6c4c0000 - 0x6c555000 	C:\Windows\SYSTEM32\TextShaping.dll
0x6c700000 - 0x6c746000 	C:\Windows\System32\OneCoreCommonProxyStub.dll
0x6feb0000 - 0x6fec5000 	C:\Windows\system32\NetworkExplorer.dll
0x6bc40000 - 0x6bc93000 	C:\Windows\System32\thumbcache.dll
0x6bca0000 - 0x6bcde000 	C:\Windows\System32\vaultcli.dll
0x6a900000 - 0x6a978000 	C:\Windows\SYSTEM32\ntshrui.dll
0x702c0000 - 0x702e6000 	C:\Windows\SYSTEM32\SspiCli.dll
0x70660000 - 0x7067e000 	C:\Windows\SYSTEM32\srvcli.dll
0x6f760000 - 0x6f76e000 	C:\Windows\SYSTEM32\cscapi.dll
0x6ae70000 - 0x6aefc000 	C:\Windows\System32\StructuredQuery.dll
0x6ade0000 - 0x6ae70000 	C:\Windows\SYSTEM32\policymanager.dll
0x6ad70000 - 0x6add7000 	C:\Windows\SYSTEM32\msvcp110_win.dll
0x6bfd0000 - 0x6c24d000 	C:\Windows\System32\OneCoreUAPCommonProxyStub.dll
0x6a980000 - 0x6aa35000 	C:\Windows\system32\Windows.Storage.Search.dll
0x6c310000 - 0x6c497000 	C:\Program Files\Microsoft OneDrive\23.204.1001.0003\i386\FileSyncShell.dll
0x6fda0000 - 0x6fdaa000 	C:\Windows\SYSTEM32\Secur32.dll
0x6a2e0000 - 0x6a768000 	C:\Windows\SYSTEM32\WININET.dll
0x708d0000 - 0x708df000 	C:\Windows\SYSTEM32\WTSAPI32.dll
0x6d450000 - 0x6d466000 	C:\Windows\SYSTEM32\samcli.dll
0x6c6e0000 - 0x6c6fd000 	C:\Windows\SYSTEM32\SAMLIB.dll
0x70650000 - 0x7065b000 	C:\Windows\SYSTEM32\netutils.dll
0x71b50000 - 0x71bd0000 	C:\Windows\System32\Windows.FileExplorer.Common.dll
0x70080000 - 0x70099000 	C:\Windows\SYSTEM32\MPR.dll
0x6c590000 - 0x6c5b0000 	C:\Windows\System32\p9np.dll
0x6dcf0000 - 0x6dcfa000 	C:\Windows\System32\drprov.dll
0x6a2c0000 - 0x6a2d5000 	C:\Windows\System32\ntlanman.dll
0x6a2a0000 - 0x6a2b9000 	C:\Windows\System32\davclnt.dll
0x70880000 - 0x708cf000 	C:\Windows\System32\WINSTA.dll
0x6a280000 - 0x6a293000 	C:\Windows\System32\wkscli.dll
0x6a230000 - 0x6a277000 	C:\Windows\System32\dlnashext.dll
0x6a1e0000 - 0x6a229000 	C:\Windows\System32\PlayToDevice.dll
0x6a1c0000 - 0x6a1dc000 	C:\Windows\System32\DevDispItemProvider.dll
0x6a140000 - 0x6a1bc000 	C:\Windows\System32\MMDevApi.dll
0x6a0b0000 - 0x6a13c000 	C:\Windows\system32\wpdshext.dll
0x6d620000 - 0x6d78d000 	C:\Windows\WinSxS\x86_microsoft.windows.gdiplus_6595b64144ccf1df_1.1.22621.1778_none_9fab56ede2916bf2\gdiplus.dll

VM Arguments:
jvm_args: -Dsun.java2d.d3d=false -Djna.nosys=true -Djna.nounpack=true -Djna.boot.library.name=jnidispatch-4.2.2-win32-x86 -Djna.boot.library.path=C:\Program Files (x86)\Arduino/lib -Djssc.library.path=C:\Program Files (x86)\Arduino/lib -DAPP_DIR=C:\Program Files (x86)\Arduino -Xms128M -Xmx512M -Dfile.encoding=UTF8 -Djava.net.preferIPv4Stack=true 
java_command: processing.app.Base C:\Users\Lenovo\Documents\Arduino\libraries\My_RP_Bot-main\examples\line_robot\line_robot.ino
java_class_path (initial): C:\Program Files (x86)\Arduino\lib\apple.jar;C:\Program Files (x86)\Arduino\lib\arduino-core.jar;C:\Program Files (x86)\Arduino\lib\batik-1.8.jar;C:\Program Files (x86)\Arduino\lib\batik-anim-1.8.jar;C:\Program Files (x86)\Arduino\lib\batik-awt-util-1.8.jar;C:\Program Files (x86)\Arduino\lib\batik-bridge-1.8.jar;C:\Program Files (x86)\Arduino\lib\batik-codec-1.8.jar;C:\Program Files (x86)\Arduino\lib\batik-css-1.8.jar;C:\Program Files (x86)\Arduino\lib\batik-dom-1.8.jar;C:\Program Files (x86)\Arduino\lib\batik-ext-1.8.jar;C:\Program Files (x86)\Arduino\lib\batik-gvt-1.8.jar;C:\Program Files (x86)\Arduino\lib\batik-parser-1.8.jar;C:\Program Files (x86)\Arduino\lib\batik-rasterizer-1.8.jar;C:\Program Files (x86)\Arduino\lib\batik-script-1.8.jar;C:\Program Files (x86)\Arduino\lib\batik-squiggle-1.8.jar;C:\Program Files (x86)\Arduino\lib\batik-svg-dom-1.8.jar;C:\Program Files (x86)\Arduino\lib\batik-svgpp-1.8.jar;C:\Program Files (x86)\Arduino\lib\batik-transcoder-1.8.jar;C:\Program Files (x86)\Arduino\lib\batik-util-1.8.jar;C:\Program Files (x86)\Arduino\lib\batik-xml-1.8.jar;C:\Program Files (x86)\Arduino\lib\bcpg-jdk15on-152.jar;C:\Program Files (x86)\Arduino\lib\bcprov-jdk15on-152.jar;C:\Program Files (x86)\Arduino\lib\commons-codec-1.7.jar;C:\Program Files (x86)\Arduino\lib\commons-compress-1.8.jar;C:\Program Files (x86)\Arduino\lib\commons-exec-1.1.jar;C:\Program Files (x86)\Arduino\lib\commons-httpclient-3.1.jar;C:\Program Files (x86)\Arduino\lib\commons-lang3-3.8.1.jar;C:\Program Files (x86)\Arduino\lib\commons-logging-1.0.4.jar;C:\Program Files (x86)\Arduino\lib\commons-net-3.3.jar;C:\Program Files (x86)\Arduino\lib\commons-io-2.6.jar;C:\Program Files (x86)\Arduino\lib\jackson-annotations-2.9.5.jar;C:\Program Files (x86)\Arduino\lib\jackson-core-2.9.5.jar;C:\Program Files (x86)\Arduino\lib\jackson-databind-2.9.5.jar;C:\Program Files (x86)\Arduino\lib\java-semver-0.8.0.jar;C:\Program Files (x86)\Arduino\lib\jmdns-3.5.5.jar;C:\Program
Launcher Type: SUN_STANDARD

Environment Variables:
PATH=C:\Windows\system32;C:\Windows;C:\Windows\System32\Wbem;C:\Windows\System32\WindowsPowerShell\v1.0\;C:\Windows\System32\OpenSSH\;C:\Program Files (x86)\NVIDIA Corporation\PhysX\Common;C:\Program Files\NVIDIA Corporation\NVIDIA NvDLISR;C:\Users\Lenovo\AppData\Local\Microsoft\WindowsApps;;C:\Program Files (x86)\Arduino\java\bin
USERNAME=Lenovo
OS=Windows_NT
PROCESSOR_IDENTIFIER=Intel64 Family 6 Model 186 Stepping 2, GenuineIntel



---------------  S Y S T E M  ---------------

OS: Windows 10.0 , 64 bit Build 22621 (10.0.22621.2428)

CPU:total 20 (initial active 20) (10 cores per cpu, 2 threads per core) family 6 model 186 stepping 2, cmov, cx8, fxsr, mmx, sse, sse2, sse3, ssse3, sse4.1, sse4.2, popcnt, avx, avx2, aes, clmul, erms, 3dnowpref, lzcnt, ht, tsc, tscinvbit, bmi1, bmi2, adx

Memory: 4k page, physical 16495480k(4763876k free), swap 19510136k(2858544k free)

vm_info: Java HotSpot(TM) Client VM (25.191-b12) for windows-x86 JRE (1.8.0_191-b12), built on Oct  6 2018 08:34:23 by "java_re" with MS VC++ 10.0 (VS2010)

time: Sat Oct 21 17:36:55 2023
elapsed time: 8760 seconds (0d 2h 26m 0s)

